<?xml version="1.0" encoding="UTF-8"?>
<coverage generated="1730408791031" clover="3.2.0">
  <project timestamp="1730408791031" name="All files">
    <metrics statements="54" coveredstatements="49" conditionals="12" coveredconditionals="9" methods="13" coveredmethods="12" elements="79" coveredelements="70" complexity="0" loc="54" ncloc="54" packages="7" files="9" classes="9"/>
    <package name="components">
      <metrics statements="2" coveredstatements="2" conditionals="0" coveredconditionals="0" methods="1" coveredmethods="1"/>
      <file name="Ball.tsx" path="C:\Users\anaal\OneDrive\Área de Trabalho\DSM4\ArleyDSM4\lotery-expo\src\components\Ball.tsx">
        <metrics statements="2" coveredstatements="2" conditionals="0" coveredconditionals="0" methods="1" coveredmethods="1"/>
        <line num="12" count="5" type="stmt"/>
        <line num="13" count="58" type="stmt"/>
      </file>
    </package>
    <package name="contexts">
      <metrics statements="14" coveredstatements="14" conditionals="0" coveredconditionals="0" methods="3" coveredmethods="3"/>
      <file name="LotteryContexts.tsx" path="C:\Users\anaal\OneDrive\Área de Trabalho\DSM4\ArleyDSM4\lotery-expo\src\contexts\LotteryContexts.tsx">
        <metrics statements="14" coveredstatements="14" conditionals="0" coveredconditionals="0" methods="3" coveredmethods="3"/>
        <line num="15" count="2" type="stmt"/>
        <line num="17" count="2" type="stmt"/>
        <line num="18" count="6" type="stmt"/>
        <line num="19" count="6" type="stmt"/>
        <line num="20" count="6" type="stmt"/>
        <line num="22" count="6" type="stmt"/>
        <line num="23" count="2" type="stmt"/>
        <line num="24" count="2" type="stmt"/>
        <line num="25" count="2" type="stmt"/>
        <line num="26" count="1" type="stmt"/>
        <line num="28" count="1" type="stmt"/>
        <line num="30" count="2" type="stmt"/>
        <line num="34" count="2" type="stmt"/>
        <line num="37" count="6" type="stmt"/>
      </file>
    </package>
    <package name="hooks">
      <metrics statements="2" coveredstatements="2" conditionals="0" coveredconditionals="0" methods="1" coveredmethods="1"/>
      <file name="useContext.ts" path="C:\Users\anaal\OneDrive\Área de Trabalho\DSM4\ArleyDSM4\lotery-expo\src\hooks\useContext.ts">
        <metrics statements="2" coveredstatements="2" conditionals="0" coveredconditionals="0" methods="1" coveredmethods="1"/>
        <line num="4" count="1" type="stmt"/>
        <line num="5" count="2" type="stmt"/>
      </file>
    </package>
    <package name="pages">
      <metrics statements="27" coveredstatements="24" conditionals="12" coveredconditionals="9" methods="6" coveredmethods="6"/>
      <file name="MesaSenaScreen.tsx" path="C:\Users\anaal\OneDrive\Área de Trabalho\DSM4\ArleyDSM4\lotery-expo\src\pages\MesaSenaScreen.tsx">
        <metrics statements="9" coveredstatements="8" conditionals="4" coveredconditionals="3" methods="2" coveredmethods="2"/>
        <line num="8" count="2" type="stmt"/>
        <line num="9" count="6" type="stmt"/>
        <line num="15" count="6" type="cond" truecount="2" falsecount="0"/>
        <line num="16" count="1" type="stmt"/>
        <line num="19" count="5" type="cond" truecount="1" falsecount="1"/>
        <line num="20" count="0" type="stmt"/>
        <line num="23" count="5" type="stmt"/>
        <line num="25" count="5" type="stmt"/>
        <line num="30" count="18" type="stmt"/>
      </file>
      <file name="QuinaScreen.tsx" path="C:\Users\anaal\OneDrive\Área de Trabalho\DSM4\ArleyDSM4\lotery-expo\src\pages\QuinaScreen.tsx">
        <metrics statements="9" coveredstatements="8" conditionals="4" coveredconditionals="3" methods="2" coveredmethods="2"/>
        <line num="8" count="2" type="stmt"/>
        <line num="9" count="4" type="stmt"/>
        <line num="15" count="4" type="cond" truecount="2" falsecount="0"/>
        <line num="16" count="1" type="stmt"/>
        <line num="19" count="3" type="cond" truecount="1" falsecount="1"/>
        <line num="20" count="0" type="stmt"/>
        <line num="23" count="3" type="stmt"/>
        <line num="25" count="3" type="stmt"/>
        <line num="30" count="15" type="stmt"/>
      </file>
      <file name="TimemaniaScreen.tsx" path="C:\Users\anaal\OneDrive\Área de Trabalho\DSM4\ArleyDSM4\lotery-expo\src\pages\TimemaniaScreen.tsx">
        <metrics statements="9" coveredstatements="8" conditionals="4" coveredconditionals="3" methods="2" coveredmethods="2"/>
        <line num="8" count="2" type="stmt"/>
        <line num="9" count="4" type="stmt"/>
        <line num="15" count="4" type="cond" truecount="2" falsecount="0"/>
        <line num="16" count="1" type="stmt"/>
        <line num="19" count="3" type="cond" truecount="1" falsecount="1"/>
        <line num="20" count="0" type="stmt"/>
        <line num="23" count="3" type="stmt"/>
        <line num="25" count="3" type="stmt"/>
        <line num="30" count="21" type="stmt"/>
      </file>
    </package>
    <package name="routes">
      <metrics statements="3" coveredstatements="3" conditionals="0" coveredconditionals="0" methods="1" coveredmethods="1"/>
      <file name="DrawerNavigator.tsx" path="C:\Users\anaal\OneDrive\Área de Trabalho\DSM4\ArleyDSM4\lotery-expo\src\routes\DrawerNavigator.tsx">
        <metrics statements="3" coveredstatements="3" conditionals="0" coveredconditionals="0" methods="1" coveredmethods="1"/>
        <line num="7" count="1" type="stmt"/>
        <line num="9" count="1" type="stmt"/>
        <line num="10" count="2" type="stmt"/>
      </file>
    </package>
    <package name="services">
      <metrics statements="4" coveredstatements="2" conditionals="0" coveredconditionals="0" methods="1" coveredmethods="0"/>
      <file name="api.ts" path="C:\Users\anaal\OneDrive\Área de Trabalho\DSM4\ArleyDSM4\lotery-expo\src\services\api.ts">
        <metrics statements="4" coveredstatements="2" conditionals="0" coveredconditionals="0" methods="1" coveredmethods="0"/>
        <line num="3" count="1" type="stmt"/>
        <line num="7" count="1" type="stmt"/>
        <line num="8" count="0" type="stmt"/>
        <line num="9" count="0" type="stmt"/>
      </file>
    </package>
    <package name="theme">
      <metrics statements="2" coveredstatements="2" conditionals="0" coveredconditionals="0" methods="0" coveredmethods="0"/>
      <file name="index.ts" path="C:\Users\anaal\OneDrive\Área de Trabalho\DSM4\ArleyDSM4\lotery-expo\src\theme\index.ts">
        <metrics statements="2" coveredstatements="2" conditionals="0" coveredconditionals="0" methods="0" coveredmethods="0"/>
        <line num="4" count="6" type="stmt"/>
        <line num="34" count="6" type="stmt"/>
      </file>
    </package>
  </project>
</coverage>
