{"C:\\Users\\LAB-56\\Desktop\\arley][\\lottery-expo\\src\\components\\Ball.tsx": {"path":"C:\\Users\\LAB-56\\Desktop\\arley][\\lottery-expo\\src\\components\\Ball.tsx","statementMap":{"0":{"start":{"line":12,"column":34},"end":{"line":18,"column":1}},"1":{"start":{"line":13,"column":2},"end":{"line":17,"column":4}}},"fnMap":{"0":{"name":"(anonymous_0)","decl":{"start":{"line":12,"column":34},"end":{"line":12,"column":35}},"loc":{"start":{"line":12,"column":72},"end":{"line":18,"column":1}},"line":12}},"branchMap":{},"s":{"0":5,"1":58},"f":{"0":58},"b":{},"_coverageSchema":"1a1c01bbd47fc00a2c39e90264f33305004495a9","hash":"42be9c8ec9f4d6e048dd27920924facaa32bd9a0"}
,"C:\\Users\\LAB-56\\Desktop\\arley][\\lottery-expo\\src\\contexts\\LotteryContexts.tsx": {"path":"C:\\Users\\LAB-56\\Desktop\\arley][\\lottery-expo\\src\\contexts\\LotteryContexts.tsx","statementMap":{"0":{"start":{"line":15,"column":30},"end":{"line":15,"column":89}},"1":{"start":{"line":17,"column":63},"end":{"line":42,"column":1}},"2":{"start":{"line":18,"column":32},"end":{"line":18,"column":69}},"3":{"start":{"line":19,"column":32},"end":{"line":19,"column":46}},"4":{"start":{"line":20,"column":28},"end":{"line":20,"column":57}},"5":{"start":{"line":22,"column":2},"end":{"line":35,"column":7}},"6":{"start":{"line":23,"column":24},"end":{"line":32,"column":5}},"7":{"start":{"line":24,"column":8},"end":{"line":31,"column":9}},"8":{"start":{"line":25,"column":25},"end":{"line":25,"column":51}},"9":{"start":{"line":26,"column":12},"end":{"line":26,"column":29}},"10":{"start":{"line":28,"column":12},"end":{"line":28,"column":52}},"11":{"start":{"line":30,"column":12},"end":{"line":30,"column":30}},"12":{"start":{"line":34,"column":4},"end":{"line":34,"column":18}},"13":{"start":{"line":37,"column":2},"end":{"line":41,"column":4}}},"fnMap":{"0":{"name":"(anonymous_0)","decl":{"start":{"line":17,"column":63},"end":{"line":17,"column":64}},"loc":{"start":{"line":17,"column":81},"end":{"line":42,"column":1}},"line":17},"1":{"name":"(anonymous_1)","decl":{"start":{"line":22,"column":12},"end":{"line":22,"column":13}},"loc":{"start":{"line":22,"column":18},"end":{"line":35,"column":1}},"line":22},"2":{"name":"(anonymous_2)","decl":{"start":{"line":23,"column":24},"end":{"line":23,"column":25}},"loc":{"start":{"line":23,"column":36},"end":{"line":32,"column":5}},"line":23}},"branchMap":{},"s":{"0":3,"1":3,"2":6,"3":6,"4":6,"5":6,"6":2,"7":2,"8":2,"9":1,"10":1,"11":2,"12":2,"13":6},"f":{"0":6,"1":2,"2":2},"b":{},"_coverageSchema":"1a1c01bbd47fc00a2c39e90264f33305004495a9","hash":"76b8b3fb8a470950d4f8c3476e88b310e6c789d1"}
,"C:\\Users\\LAB-56\\Desktop\\arley][\\lottery-expo\\src\\hooks\\useContext.ts": {"path":"C:\\Users\\LAB-56\\Desktop\\arley][\\lottery-expo\\src\\hooks\\useContext.ts","statementMap":{"0":{"start":{"line":4,"column":26},"end":{"line":6,"column":1}},"1":{"start":{"line":5,"column":2},"end":{"line":5,"column":36}}},"fnMap":{"0":{"name":"(anonymous_0)","decl":{"start":{"line":4,"column":26},"end":{"line":4,"column":27}},"loc":{"start":{"line":4,"column":32},"end":{"line":6,"column":1}},"line":4}},"branchMap":{},"s":{"0":2,"1":3},"f":{"0":3},"b":{},"_coverageSchema":"1a1c01bbd47fc00a2c39e90264f33305004495a9","hash":"a16d470980c98cb666d13ff66a552a73cfef21b4"}
,"C:\\Users\\LAB-56\\Desktop\\arley][\\lottery-expo\\src\\pages\\MesaSenaScreen.tsx": {"path":"C:\\Users\\LAB-56\\Desktop\\arley][\\lottery-expo\\src\\pages\\MesaSenaScreen.tsx","statementMap":{"0":{"start":{"line":8,"column":33},"end":{"line":36,"column":1}},"1":{"start":{"line":9,"column":38},"end":{"line":9,"column":50}},"2":{"start":{"line":15,"column":2},"end":{"line":17,"column":3}},"3":{"start":{"line":16,"column":4},"end":{"line":16,"column":79}},"4":{"start":{"line":19,"column":2},"end":{"line":21,"column":3}},"5":{"start":{"line":20,"column":4},"end":{"line":20,"column":89}},"6":{"start":{"line":23,"column":52},"end":{"line":23,"column":69}},"7":{"start":{"line":25,"column":2},"end":{"line":35,"column":4}},"8":{"start":{"line":30,"column":8},"end":{"line":30,"column":150}}},"fnMap":{"0":{"name":"(anonymous_0)","decl":{"start":{"line":8,"column":33},"end":{"line":8,"column":34}},"loc":{"start":{"line":8,"column":39},"end":{"line":36,"column":1}},"line":8},"1":{"name":"(anonymous_1)","decl":{"start":{"line":29,"column":36},"end":{"line":29,"column":37}},"loc":{"start":{"line":30,"column":8},"end":{"line":30,"column":150}},"line":30}},"branchMap":{"0":{"loc":{"start":{"line":15,"column":2},"end":{"line":17,"column":3}},"type":"if","locations":[{"start":{"line":15,"column":2},"end":{"line":17,"column":3}},{"start":{},"end":{}}],"line":15},"1":{"loc":{"start":{"line":19,"column":2},"end":{"line":21,"column":3}},"type":"if","locations":[{"start":{"line":19,"column":2},"end":{"line":21,"column":3}},{"start":{},"end":{}}],"line":19}},"s":{"0":2,"1":7,"2":7,"3":1,"4":6,"5":1,"6":5,"7":5,"8":18},"f":{"0":7,"1":18},"b":{"0":[1,6],"1":[1,5]},"_coverageSchema":"1a1c01bbd47fc00a2c39e90264f33305004495a9","hash":"d37c8f9d7f9058d43d0c5549a0cad8f839d0cd18"}
,"C:\\Users\\LAB-56\\Desktop\\arley][\\lottery-expo\\src\\pages\\QuinaScreen.tsx": {"path":"C:\\Users\\LAB-56\\Desktop\\arley][\\lottery-expo\\src\\pages\\QuinaScreen.tsx","statementMap":{"0":{"start":{"line":8,"column":30},"end":{"line":36,"column":1}},"1":{"start":{"line":9,"column":38},"end":{"line":9,"column":50}},"2":{"start":{"line":15,"column":2},"end":{"line":17,"column":3}},"3":{"start":{"line":16,"column":4},"end":{"line":16,"column":79}},"4":{"start":{"line":19,"column":2},"end":{"line":21,"column":3}},"5":{"start":{"line":20,"column":4},"end":{"line":20,"column":89}},"6":{"start":{"line":23,"column":52},"end":{"line":23,"column":66}},"7":{"start":{"line":25,"column":2},"end":{"line":35,"column":4}},"8":{"start":{"line":30,"column":8},"end":{"line":30,"column":144}}},"fnMap":{"0":{"name":"(anonymous_0)","decl":{"start":{"line":8,"column":30},"end":{"line":8,"column":31}},"loc":{"start":{"line":8,"column":36},"end":{"line":36,"column":1}},"line":8},"1":{"name":"(anonymous_1)","decl":{"start":{"line":29,"column":35},"end":{"line":29,"column":36}},"loc":{"start":{"line":30,"column":8},"end":{"line":30,"column":144}},"line":30}},"branchMap":{"0":{"loc":{"start":{"line":15,"column":2},"end":{"line":17,"column":3}},"type":"if","locations":[{"start":{"line":15,"column":2},"end":{"line":17,"column":3}},{"start":{},"end":{}}],"line":15},"1":{"loc":{"start":{"line":19,"column":2},"end":{"line":21,"column":3}},"type":"if","locations":[{"start":{"line":19,"column":2},"end":{"line":21,"column":3}},{"start":{},"end":{}}],"line":19}},"s":{"0":2,"1":5,"2":5,"3":1,"4":4,"5":1,"6":3,"7":3,"8":15},"f":{"0":5,"1":15},"b":{"0":[1,4],"1":[1,3]},"_coverageSchema":"1a1c01bbd47fc00a2c39e90264f33305004495a9","hash":"f3a57ebca72479c044f340065f02240cc39572f1"}
,"C:\\Users\\LAB-56\\Desktop\\arley][\\lottery-expo\\src\\pages\\TimemaniaScreen.tsx": {"path":"C:\\Users\\LAB-56\\Desktop\\arley][\\lottery-expo\\src\\pages\\TimemaniaScreen.tsx","statementMap":{"0":{"start":{"line":8,"column":34},"end":{"line":36,"column":1}},"1":{"start":{"line":9,"column":38},"end":{"line":9,"column":50}},"2":{"start":{"line":15,"column":2},"end":{"line":17,"column":3}},"3":{"start":{"line":16,"column":4},"end":{"line":16,"column":79}},"4":{"start":{"line":19,"column":2},"end":{"line":21,"column":3}},"5":{"start":{"line":20,"column":4},"end":{"line":20,"column":89}},"6":{"start":{"line":23,"column":53},"end":{"line":23,"column":71}},"7":{"start":{"line":25,"column":2},"end":{"line":35,"column":4}},"8":{"start":{"line":30,"column":8},"end":{"line":30,"column":151}}},"fnMap":{"0":{"name":"(anonymous_0)","decl":{"start":{"line":8,"column":34},"end":{"line":8,"column":35}},"loc":{"start":{"line":8,"column":40},"end":{"line":36,"column":1}},"line":8},"1":{"name":"(anonymous_1)","decl":{"start":{"line":29,"column":35},"end":{"line":29,"column":36}},"loc":{"start":{"line":30,"column":8},"end":{"line":30,"column":151}},"line":30}},"branchMap":{"0":{"loc":{"start":{"line":15,"column":2},"end":{"line":17,"column":3}},"type":"if","locations":[{"start":{"line":15,"column":2},"end":{"line":17,"column":3}},{"start":{},"end":{}}],"line":15},"1":{"loc":{"start":{"line":19,"column":2},"end":{"line":21,"column":3}},"type":"if","locations":[{"start":{"line":19,"column":2},"end":{"line":21,"column":3}},{"start":{},"end":{}}],"line":19}},"s":{"0":2,"1":5,"2":5,"3":1,"4":4,"5":1,"6":3,"7":3,"8":21},"f":{"0":5,"1":21},"b":{"0":[1,4],"1":[1,3]},"_coverageSchema":"1a1c01bbd47fc00a2c39e90264f33305004495a9","hash":"f38ce0f62567b6e29484d6c81f52aef782f93c03"}
,"C:\\Users\\LAB-56\\Desktop\\arley][\\lottery-expo\\src\\routes\\DrawerNavigator.tsx": {"path":"C:\\Users\\LAB-56\\Desktop\\arley][\\lottery-expo\\src\\routes\\DrawerNavigator.tsx","statementMap":{"0":{"start":{"line":7,"column":15},"end":{"line":7,"column":38}},"1":{"start":{"line":9,"column":24},"end":{"line":17,"column":1}},"2":{"start":{"line":10,"column":2},"end":{"line":16,"column":4}}},"fnMap":{"0":{"name":"(anonymous_0)","decl":{"start":{"line":9,"column":24},"end":{"line":9,"column":25}},"loc":{"start":{"line":9,"column":30},"end":{"line":17,"column":1}},"line":9}},"branchMap":{},"s":{"0":1,"1":1,"2":2},"f":{"0":2},"b":{},"_coverageSchema":"1a1c01bbd47fc00a2c39e90264f33305004495a9","hash":"afa8840e1dd095eaa24bbefc6d8c8b26a9c4c52f"}
,"C:\\Users\\LAB-56\\Desktop\\arley][\\lottery-expo\\src\\services\\api.ts": {"path":"C:\\Users\\LAB-56\\Desktop\\arley][\\lottery-expo\\src\\services\\api.ts","statementMap":{"0":{"start":{"line":3,"column":19},"end":{"line":5,"column":2}},"1":{"start":{"line":7,"column":34},"end":{"line":10,"column":1}},"2":{"start":{"line":8,"column":19},"end":{"line":8,"column":60}},"3":{"start":{"line":9,"column":2},"end":{"line":9,"column":23}}},"fnMap":{"0":{"name":"(anonymous_0)","decl":{"start":{"line":7,"column":34},"end":{"line":7,"column":35}},"loc":{"start":{"line":7,"column":46},"end":{"line":10,"column":1}},"line":7}},"branchMap":{},"s":{"0":2,"1":2,"2":0,"3":0},"f":{"0":0},"b":{},"_coverageSchema":"1a1c01bbd47fc00a2c39e90264f33305004495a9","hash":"ee12d5f5640b4989d96afee89ac7c8fb08a87a4d"}
,"C:\\Users\\LAB-56\\Desktop\\arley][\\lottery-expo\\src\\theme\\index.ts": {"path":"C:\\Users\\LAB-56\\Desktop\\arley][\\lottery-expo\\src\\theme\\index.ts","statementMap":{"0":{"start":{"line":4,"column":21},"end":{"line":32,"column":1}},"1":{"start":{"line":34,"column":22},"end":{"line":66,"column":2}}},"fnMap":{},"branchMap":{},"s":{"0":6,"1":6},"f":{},"b":{},"_coverageSchema":"1a1c01bbd47fc00a2c39e90264f33305004495a9","hash":"23cc2caceb67394eafdc3e564df2e920a8e4bc67"}
}
