TN:
SF:src\components\Ball.tsx
FN:12,(anonymous_0)
FNF:1
FNH:1
FNDA:58,(anonymous_0)
DA:12,5
DA:13,58
LF:2
LH:2
BRF:0
BRH:0
end_of_record
TN:
SF:src\contexts\LotteryContexts.tsx
FN:17,(anonymous_0)
FN:22,(anonymous_1)
FN:23,(anonymous_2)
FNF:3
FNH:3
FNDA:6,(anonymous_0)
FNDA:2,(anonymous_1)
FNDA:2,(anonymous_2)
DA:15,2
DA:17,2
DA:18,6
DA:19,6
DA:20,6
DA:22,6
DA:23,2
DA:24,2
DA:25,2
DA:26,1
DA:28,1
DA:30,2
DA:34,2
DA:37,6
LF:14
LH:14
BRF:0
BRH:0
end_of_record
TN:
SF:src\hooks\useContext.ts
FN:4,(anonymous_0)
FNF:1
FNH:1
FNDA:2,(anonymous_0)
DA:4,1
DA:5,2
LF:2
LH:2
BRF:0
BRH:0
end_of_record
TN:
SF:src\pages\MesaSenaScreen.tsx
FN:8,(anonymous_0)
FN:29,(anonymous_1)
FNF:2
FNH:2
FNDA:6,(anonymous_0)
FNDA:18,(anonymous_1)
DA:8,2
DA:9,6
DA:15,6
DA:16,1
DA:19,5
DA:20,0
DA:23,5
DA:25,5
DA:30,18
LF:9
LH:8
BRDA:15,0,0,1
BRDA:15,0,1,5
BRDA:19,1,0,0
BRDA:19,1,1,5
BRF:4
BRH:3
end_of_record
TN:
SF:src\pages\QuinaScreen.tsx
FN:8,(anonymous_0)
FN:29,(anonymous_1)
FNF:2
FNH:2
FNDA:4,(anonymous_0)
FNDA:15,(anonymous_1)
DA:8,2
DA:9,4
DA:15,4
DA:16,1
DA:19,3
DA:20,0
DA:23,3
DA:25,3
DA:30,15
LF:9
LH:8
BRDA:15,0,0,1
BRDA:15,0,1,3
BRDA:19,1,0,0
BRDA:19,1,1,3
BRF:4
BRH:3
end_of_record
TN:
SF:src\pages\TimemaniaScreen.tsx
FN:8,(anonymous_0)
FN:29,(anonymous_1)
FNF:2
FNH:2
FNDA:4,(anonymous_0)
FNDA:21,(anonymous_1)
DA:8,2
DA:9,4
DA:15,4
DA:16,1
DA:19,3
DA:20,0
DA:23,3
DA:25,3
DA:30,21
LF:9
LH:8
BRDA:15,0,0,1
BRDA:15,0,1,3
BRDA:19,1,0,0
BRDA:19,1,1,3
BRF:4
BRH:3
end_of_record
TN:
SF:src\routes\DrawerNavigator.tsx
FN:9,(anonymous_0)
FNF:1
FNH:1
FNDA:2,(anonymous_0)
DA:7,1
DA:9,1
DA:10,2
LF:3
LH:3
BRF:0
BRH:0
end_of_record
TN:
SF:src\services\api.ts
FN:7,(anonymous_0)
FNF:1
FNH:0
FNDA:0,(anonymous_0)
DA:3,1
DA:7,1
DA:8,0
DA:9,0
LF:4
LH:2
BRF:0
BRH:0
end_of_record
TN:
SF:src\theme\index.ts
FNF:0
FNH:0
DA:4,6
DA:34,6
LF:2
LH:2
BRF:0
BRH:0
end_of_record
